[ERROR] 2024-03-28 01:23:38.471 [AWT-EventQueue-0] StaffWindow - User entered the invalid id: For input string: "asdasd"
[ERROR] 2024-03-28 23:30:02.949 [AWT-EventQueue-0] Client - End of file reached: null
[ERROR] 2024-03-28 23:32:59.661 [AWT-EventQueue-0] Client - End of file reached: null
[ERROR] 2024-03-28 23:40:35.003 [AWT-EventQueue-0] Client - End of file reached: null
[ERROR] 2024-03-28 23:43:53.104 [AWT-EventQueue-0] Client - End of file reached: null
[ERROR] 2024-03-28 23:44:06.630 [AWT-EventQueue-0] Client - End of file reached: null
[ERROR] 2024-03-28 23:46:06.280 [AWT-EventQueue-0] Client - End of file reached: null
[ERROR] 2024-03-29 00:41:08.621 [main] Client - Error: Connection refused: connect
[ERROR] 2024-03-29 00:41:08.624 [main] TripOrderWindow - Error: Cannot invoke "java.net.Socket.getOutputStream()" because "this.connectionSockett" is null
[ERROR] 2024-03-29 01:29:14.237 [AWT-EventQueue-0] StaffWindow - User entered the invalid id: For input string: "a"
[ERROR] 2024-03-29 02:09:08.909 [AWT-EventQueue-0] Client - End of file reached: null
[ERROR] 2024-03-29 02:14:50.825 [AWT-EventQueue-0] Client - End of file reached: null
[ERROR] 2024-03-29 02:17:49.138 [AWT-EventQueue-0] Client - End of file reached: null
[ERROR] 2024-03-29 02:18:23.888 [AWT-EventQueue-0] Client - End of file reached: null
[ERROR] 2024-03-29 02:24:07.613 [AWT-EventQueue-0] Client - End of file reached: null
[ERROR] 2024-03-29 02:24:18.061 [AWT-EventQueue-0] Client - End of file reached: null
[ERROR] 2024-03-29 02:25:06.846 [AWT-EventQueue-0] Client - End of file reached: null
[ERROR] 2024-03-29 02:26:48.186 [AWT-EventQueue-0] Client - End of file reached: null
[ERROR] 2024-03-29 02:43:23.860 [AWT-EventQueue-0] Client - End of file reached: null
[ERROR] 2024-03-29 02:47:16.878 [AWT-EventQueue-0] Client - End of file reached: null
[ERROR] 2024-03-29 08:42:56.869 [AWT-EventQueue-0] CustomerWindow - User entered the invalid id: For input string: "sdasd"
[ERROR] 2024-03-29 08:45:47.734 [AWT-EventQueue-0] CustomerWindow - Error: For input string: ""
[ERROR] 2024-03-29 08:45:50.504 [AWT-EventQueue-0] CustomerWindow - Error: For input string: ""
[ERROR] 2024-03-29 08:53:44.959 [AWT-EventQueue-0] CustomerWindow - User entered the invalid id: For input string: ""
[ERROR] 2024-03-29 08:54:04.526 [AWT-EventQueue-0] Client - End of file reached: null
[ERROR] 2024-03-29 08:54:09.791 [AWT-EventQueue-0] Client - End of file reached: null
[ERROR] 2024-03-29 09:24:33.029 [AWT-EventQueue-0] Client - End of file reached: null
[ERROR] 2024-03-29 09:44:34.751 [AWT-EventQueue-0] Client - End of file reached: null
